<?xml version="1.0" encoding="UTF-8"?>
<testsuite name="br.com.braz.rui.poccadadocodigo.PocCadaDoCodigoApplicationTests" tests="1" skipped="0" failures="0" errors="0" timestamp="2021-03-23T05:44:32" hostname="DESKTOP-U560310" time="0.155">
  <properties/>
  <testcase name="contextLoads()" classname="br.com.braz.rui.poccadadocodigo.PocCadaDoCodigoApplicationTests" time="0.155"/>
  <system-out><![CDATA[02:44:29.920 [Test worker] DEBUG org.springframework.test.context.BootstrapUtils - Instantiating CacheAwareContextLoaderDelegate from class [org.springframework.test.context.cache.DefaultCacheAwareContextLoaderDelegate]
02:44:29.930 [Test worker] DEBUG org.springframework.test.context.BootstrapUtils - Instantiating BootstrapContext using constructor [public org.springframework.test.context.support.DefaultBootstrapContext(java.lang.Class,org.springframework.test.context.CacheAwareContextLoaderDelegate)]
02:44:29.954 [Test worker] DEBUG org.springframework.test.context.BootstrapUtils - Instantiating TestContextBootstrapper for test class [br.com.braz.rui.poccadadocodigo.PocCadaDoCodigoApplicationTests] from class [org.springframework.boot.test.context.SpringBootTestContextBootstrapper]
02:44:29.969 [Test worker] INFO org.springframework.boot.test.context.SpringBootTestContextBootstrapper - Neither @ContextConfiguration nor @ContextHierarchy found for test class [br.com.braz.rui.poccadadocodigo.PocCadaDoCodigoApplicationTests], using SpringBootContextLoader
02:44:29.972 [Test worker] DEBUG org.springframework.test.context.support.AbstractContextLoader - Did not detect default resource location for test class [br.com.braz.rui.poccadadocodigo.PocCadaDoCodigoApplicationTests]: class path resource [br/com/braz/rui/poccadadocodigo/PocCadaDoCodigoApplicationTests-context.xml] does not exist
02:44:29.972 [Test worker] DEBUG org.springframework.test.context.support.AbstractContextLoader - Did not detect default resource location for test class [br.com.braz.rui.poccadadocodigo.PocCadaDoCodigoApplicationTests]: class path resource [br/com/braz/rui/poccadadocodigo/PocCadaDoCodigoApplicationTestsContext.groovy] does not exist
02:44:29.972 [Test worker] INFO org.springframework.test.context.support.AbstractContextLoader - Could not detect default resource locations for test class [br.com.braz.rui.poccadadocodigo.PocCadaDoCodigoApplicationTests]: no resource found for suffixes {-context.xml, Context.groovy}.
02:44:29.973 [Test worker] INFO org.springframework.test.context.support.AnnotationConfigContextLoaderUtils - Could not detect default configuration classes for test class [br.com.braz.rui.poccadadocodigo.PocCadaDoCodigoApplicationTests]: PocCadaDoCodigoApplicationTests does not declare any static, non-private, non-final, nested classes annotated with @Configuration.
02:44:30.003 [Test worker] DEBUG org.springframework.test.context.support.ActiveProfilesUtils - Could not find an 'annotation declaring class' for annotation type [org.springframework.test.context.ActiveProfiles] and class [br.com.braz.rui.poccadadocodigo.PocCadaDoCodigoApplicationTests]
02:44:30.043 [Test worker] DEBUG org.springframework.context.annotation.ClassPathScanningCandidateComponentProvider - Identified candidate component class: file [D:\dev\git\poc-casa-do-codigo\build\classes\kotlin\main\br\com\braz\rui\poccadadocodigo\PocCadaDoCodigoApplication.class]
02:44:30.044 [Test worker] INFO org.springframework.boot.test.context.SpringBootTestContextBootstrapper - Found @SpringBootConfiguration br.com.braz.rui.poccadadocodigo.PocCadaDoCodigoApplication for test class br.com.braz.rui.poccadadocodigo.PocCadaDoCodigoApplicationTests
02:44:30.117 [Test worker] DEBUG org.springframework.boot.test.context.SpringBootTestContextBootstrapper - @TestExecutionListeners is not present for class [br.com.braz.rui.poccadadocodigo.PocCadaDoCodigoApplicationTests]: using defaults.
02:44:30.117 [Test worker] INFO org.springframework.boot.test.context.SpringBootTestContextBootstrapper - Loaded default TestExecutionListener class names from location [META-INF/spring.factories]: [org.springframework.boot.test.autoconfigure.restdocs.RestDocsTestExecutionListener, org.springframework.boot.test.autoconfigure.web.client.MockRestServiceServerResetTestExecutionListener, org.springframework.boot.test.autoconfigure.web.servlet.MockMvcPrintOnlyOnFailureTestExecutionListener, org.springframework.boot.test.autoconfigure.web.servlet.WebDriverTestExecutionListener, org.springframework.boot.test.autoconfigure.webservices.client.MockWebServiceServerTestExecutionListener, org.springframework.boot.test.mock.mockito.MockitoTestExecutionListener, org.springframework.boot.test.mock.mockito.ResetMocksTestExecutionListener, org.springframework.test.context.web.ServletTestExecutionListener, org.springframework.test.context.support.DirtiesContextBeforeModesTestExecutionListener, org.springframework.test.context.event.ApplicationEventsTestExecutionListener, org.springframework.test.context.support.DependencyInjectionTestExecutionListener, org.springframework.test.context.support.DirtiesContextTestExecutionListener, org.springframework.test.context.transaction.TransactionalTestExecutionListener, org.springframework.test.context.jdbc.SqlScriptsTestExecutionListener, org.springframework.test.context.event.EventPublishingTestExecutionListener]
02:44:30.124 [Test worker] DEBUG org.springframework.boot.test.context.SpringBootTestContextBootstrapper - Skipping candidate TestExecutionListener [org.springframework.test.context.web.ServletTestExecutionListener] due to a missing dependency. Specify custom listener classes or make the default listener classes and their required dependencies available. Offending class: [javax/servlet/ServletContext]
02:44:30.130 [Test worker] INFO org.springframework.boot.test.context.SpringBootTestContextBootstrapper - Using TestExecutionListeners: [org.springframework.test.context.support.DirtiesContextBeforeModesTestExecutionListener@5662d351, org.springframework.test.context.event.ApplicationEventsTestExecutionListener@6666893f, org.springframework.boot.test.mock.mockito.MockitoTestExecutionListener@78b1ecae, org.springframework.boot.test.autoconfigure.SpringBootDependencyInjectionTestExecutionListener@5d3974f, org.springframework.test.context.support.DirtiesContextTestExecutionListener@456b34ff, org.springframework.test.context.transaction.TransactionalTestExecutionListener@1716621c, org.springframework.test.context.jdbc.SqlScriptsTestExecutionListener@603528cc, org.springframework.test.context.event.EventPublishingTestExecutionListener@79c5b26a, org.springframework.boot.test.autoconfigure.restdocs.RestDocsTestExecutionListener@6515bd61, org.springframework.boot.test.autoconfigure.web.client.MockRestServiceServerResetTestExecutionListener@41b7355d, org.springframework.boot.test.autoconfigure.web.servlet.MockMvcPrintOnlyOnFailureTestExecutionListener@88d16ef, org.springframework.boot.test.autoconfigure.web.servlet.WebDriverTestExecutionListener@5c8fb376, org.springframework.boot.test.autoconfigure.webservices.client.MockWebServiceServerTestExecutionListener@14b9e333, org.springframework.boot.test.mock.mockito.ResetMocksTestExecutionListener@6cdc2124]
02:44:30.133 [Test worker] DEBUG org.springframework.test.context.support.AbstractDirtiesContextTestExecutionListener - Before test class: context [DefaultTestContext@45393b07 testClass = PocCadaDoCodigoApplicationTests, testInstance = [null], testMethod = [null], testException = [null], mergedContextConfiguration = [MergedContextConfiguration@49fcccf3 testClass = PocCadaDoCodigoApplicationTests, locations = '{}', classes = '{class br.com.braz.rui.poccadadocodigo.PocCadaDoCodigoApplication}', contextInitializerClasses = '[]', activeProfiles = '{}', propertySourceLocations = '{}', propertySourceProperties = '{org.springframework.boot.test.context.SpringBootTestContextBootstrapper=true}', contextCustomizers = set[org.springframework.boot.test.autoconfigure.actuate.metrics.MetricsExportContextCustomizerFactory$DisableMetricExportContextCustomizer@2c0aac90, org.springframework.boot.test.autoconfigure.properties.PropertyMappingContextCustomizer@0, org.springframework.boot.test.autoconfigure.web.servlet.WebDriverContextCustomizerFactory$Customizer@691614a6, org.springframework.boot.test.context.filter.ExcludeFilterContextCustomizer@3713a9f9, org.springframework.boot.test.json.DuplicateJsonObjectContextCustomizerFactory$DuplicateJsonObjectContextCustomizer@1f108860, org.springframework.boot.test.mock.mockito.MockitoContextCustomizer@0, org.springframework.boot.test.web.client.TestRestTemplateContextCustomizer@1492b573, org.springframework.boot.test.context.SpringBootTestArgs@1, org.springframework.boot.test.context.SpringBootTestWebEnvironment@2b689dc1], contextLoader = 'org.springframework.boot.test.context.SpringBootContextLoader', parent = [null]], attributes = map[[empty]]], class annotated with @DirtiesContext [false] with mode [null].
02:44:30.143 [Test worker] DEBUG org.springframework.test.context.support.DependencyInjectionTestExecutionListener - Performing dependency injection for test context [[DefaultTestContext@45393b07 testClass = PocCadaDoCodigoApplicationTests, testInstance = br.com.braz.rui.poccadadocodigo.PocCadaDoCodigoApplicationTests@6618ac88, testMethod = [null], testException = [null], mergedContextConfiguration = [MergedContextConfiguration@49fcccf3 testClass = PocCadaDoCodigoApplicationTests, locations = '{}', classes = '{class br.com.braz.rui.poccadadocodigo.PocCadaDoCodigoApplication}', contextInitializerClasses = '[]', activeProfiles = '{}', propertySourceLocations = '{}', propertySourceProperties = '{org.springframework.boot.test.context.SpringBootTestContextBootstrapper=true}', contextCustomizers = set[org.springframework.boot.test.autoconfigure.actuate.metrics.MetricsExportContextCustomizerFactory$DisableMetricExportContextCustomizer@2c0aac90, org.springframework.boot.test.autoconfigure.properties.PropertyMappingContextCustomizer@0, org.springframework.boot.test.autoconfigure.web.servlet.WebDriverContextCustomizerFactory$Customizer@691614a6, org.springframework.boot.test.context.filter.ExcludeFilterContextCustomizer@3713a9f9, org.springframework.boot.test.json.DuplicateJsonObjectContextCustomizerFactory$DuplicateJsonObjectContextCustomizer@1f108860, org.springframework.boot.test.mock.mockito.MockitoContextCustomizer@0, org.springframework.boot.test.web.client.TestRestTemplateContextCustomizer@1492b573, org.springframework.boot.test.context.SpringBootTestArgs@1, org.springframework.boot.test.context.SpringBootTestWebEnvironment@2b689dc1], contextLoader = 'org.springframework.boot.test.context.SpringBootContextLoader', parent = [null]], attributes = map['org.springframework.test.context.event.ApplicationEventsTestExecutionListener.recordApplicationEvents' -> false]]].
02:44:30.166 [Test worker] DEBUG org.springframework.test.context.support.TestPropertySourceUtils - Adding inlined properties to environment: {spring.jmx.enabled=false, org.springframework.boot.test.context.SpringBootTestContextBootstrapper=true}

  .   ____          _            __ _ _
 /\\ / ___'_ __ _ _(_)_ __  __ _ \ \ \ \
( ( )\___ | '_ | '_| | '_ \/ _` | \ \ \ \
 \\/  ___)| |_)| | | | | || (_| |  ) ) ) )
  '  |____| .__|_| |_|_| |_\__, | / / / /
 =========|_|==============|___/=/_/_/_/
 :: Spring Boot ::                (v2.4.4)

2021-03-23 02:44:30.403  INFO 16116 --- [    Test worker] .c.b.r.p.PocCadaDoCodigoApplicationTests : Starting PocCadaDoCodigoApplicationTests using Java 11.0.9 on DESKTOP-U560310 with PID 16116 (started by ruiju in D:\dev\git\poc-casa-do-codigo)
2021-03-23 02:44:30.406  INFO 16116 --- [    Test worker] .c.b.r.p.PocCadaDoCodigoApplicationTests : No active profile set, falling back to default profiles: default
2021-03-23 02:44:30.775  INFO 16116 --- [    Test worker] .s.d.r.c.RepositoryConfigurationDelegate : Bootstrapping Spring Data JPA repositories in DEFAULT mode.
2021-03-23 02:44:30.785  INFO 16116 --- [    Test worker] .s.d.r.c.RepositoryConfigurationDelegate : Finished Spring Data repository scanning in 4 ms. Found 0 JPA repository interfaces.
2021-03-23 02:44:31.117  INFO 16116 --- [    Test worker] o.hibernate.jpa.internal.util.LogHelper  : HHH000204: Processing PersistenceUnitInfo [name: default]
2021-03-23 02:44:31.169  INFO 16116 --- [    Test worker] org.hibernate.Version                    : HHH000412: Hibernate ORM core version 5.4.29.Final
2021-03-23 02:44:31.292  INFO 16116 --- [    Test worker] o.hibernate.annotations.common.Version   : HCANN000001: Hibernate Commons Annotations {5.1.2.Final}
2021-03-23 02:44:31.382  INFO 16116 --- [    Test worker] com.zaxxer.hikari.HikariDataSource       : HikariPool-1 - Starting...
2021-03-23 02:44:31.598  INFO 16116 --- [    Test worker] com.zaxxer.hikari.HikariDataSource       : HikariPool-1 - Start completed.
2021-03-23 02:44:31.612  INFO 16116 --- [    Test worker] org.hibernate.dialect.Dialect            : HHH000400: Using dialect: org.hibernate.dialect.PostgreSQL95Dialect
Hibernate: drop table if exists author cascade
2021-03-23 02:44:31.956  WARN 16116 --- [    Test worker] o.h.engine.jdbc.spi.SqlExceptionHelper   : SQL Warning Code: 0, SQLState: 00000
2021-03-23 02:44:31.956  WARN 16116 --- [    Test worker] o.h.engine.jdbc.spi.SqlExceptionHelper   : table "author" does not exist, skipping
Hibernate: create table author (id  bigserial not null, creation_date date, description varchar(255), email varchar(255), name varchar(255), primary key (id))
2021-03-23 02:44:32.346  INFO 16116 --- [    Test worker] o.h.e.t.j.p.i.JtaPlatformInitiator       : HHH000490: Using JtaPlatform implementation: [org.hibernate.engine.transaction.jta.platform.internal.NoJtaPlatform]
2021-03-23 02:44:32.352  INFO 16116 --- [    Test worker] j.LocalContainerEntityManagerFactoryBean : Initialized JPA EntityManagerFactory for persistence unit 'default'
2021-03-23 02:44:32.855  INFO 16116 --- [    Test worker] .c.b.r.p.PocCadaDoCodigoApplicationTests : Started PocCadaDoCodigoApplicationTests in 2.686 seconds (JVM running for 3.607)
]]></system-out>
  <system-err><![CDATA[]]></system-err>
</testsuite>
